<?xml version="1.0" encoding="UTF-8"?>
<!-- Generated by org.testng.reporters.JUnitReportReporter -->
<testsuite hostname="HariHara" failures="0" tests="1" name="Tests.T1_LoginTest" time="12.227" errors="0" timestamp="2024-11-05T18:28:35 IST" skipped="0">
  <testcase classname="Tests.T1_LoginTest" name="loginTest" time="12.227"/>
</testsuite> <!-- Tests.T1_LoginTest -->
